{
  [12] = {
    abandoned = false,
    beacons = { {
        beaconId = "airfield12_1",
        runwayId = 1,
        runwayName = "04-22",
        runwaySide = "22"
      }, {
        beaconId = "airfield12_2",
        runwayId = 1,
        runwayName = "04-22",
        runwaySide = "04"
      }, {
        beaconId = "airfield12_3",
        runwayId = 1,
        runwayName = "04-22",
        runwaySide = "04"
      },
      [0] = {
        beaconId = "airfield12_0",
        runwayId = 1,
        runwayName = "04-22",
        runwaySide = "22"
      }
    },
    civilian = true,
    class = "1",
    code = "URKA",
    default_camera_position = {
      bearing = 164.60256,
      pnt = { -4737.000488, 145, 242694.875 }
    },
    display_name = "Anapa-Vityazevo",
    fueldepots = { "externalId:220003", "externalId:220004", "externalId:220005", "externalId:220006", "externalId:220007", "externalId:220008", "externalId:220009", "externalId:220010", "externalId:220011", "externalId:220012", "externalId:220013", "externalId:220014", "externalId:220015", "externalId:220016", "externalId:220017", "externalId:220018", "externalId:220019" },
    id = "Anapa",
    names = {
      en = "Anapa-Vityazevo"
    },
    projectors = { "externalId:220000", "externalId:220001" },
    radio = { "airfield12_0" },
    reference_point = {
      x = -5412.409668,
      y = 243128.820313
    },
    roadnet = "./Mods/terrains/Caucasus/AirfieldsTaxiways/Anapa.rn4",
    runwayName = { "04",
      [0] = "22"
    },
    runways = {
      [0] = {
        end = "04",
        id = 1,
        name = "22-04",
        start = "22"
      }
    },
    shelters = { "externalId:220020", "externalId:220021", "externalId:220022", "externalId:220023", "externalId:220024", "externalId:220025", "externalId:220026", "externalId:220027", "externalId:220028", "externalId:220029", "externalId:220030", "externalId:220031", "externalId:220032", "externalId:220033", "externalId:220034", "externalId:220035", "externalId:220036", "externalId:220037", "externalId:220038", "externalId:220039", "externalId:220040", "externalId:220041", "externalId:220042", "externalId:220043", "externalId:220044", "externalId:220045", "externalId:220046", "externalId:220047", "externalId:220048", "externalId:220049", "externalId:220050", "externalId:220051", "externalId:220052", "externalId:220053", "externalId:220054", "externalId:220055", "externalId:220056", "externalId:220057", "externalId:220058", "externalId:220059", "externalId:220060", "externalId:220061", "externalId:220062", "externalId:220063", "externalId:220064", "externalId:220065", "externalId:220066", "externalId:220067", "externalId:220068", "externalId:220069", "externalId:220070", "externalId:220071" },
    towers = { "externalId:220002" },
    warehouses = { "externalId:220072", "externalId:220073", "externalId:220074", "externalId:220075", "externalId:220076", "externalId:220077", "externalId:220078", "externalId:220079", "externalId:220080", "externalId:220081", "externalId:220082", "externalId:220083", "externalId:220084", "externalId:220085", "externalId:220086", "externalId:220087", "externalId:220088", "externalId:220089", "externalId:220090", "externalId:220091", "externalId:220092", "externalId:220093", "externalId:220094", "externalId:220095", "externalId:220096", "externalId:220097", "externalId:220098", "externalId:220099", "externalId:220100", "externalId:220101", "externalId:220102", "externalId:220103", "externalId:220104", "externalId:220105", "externalId:220106", "externalId:220107", "externalId:220108", "externalId:220109", "externalId:220110", "externalId:220111", "externalId:220112", "externalId:220113", "externalId:220114", "externalId:220115", "externalId:220116", "externalId:220117", "externalId:220118", "externalId:220119", "externalId:220120", "externalId:220121", "externalId:220122", "externalId:220123", "externalId:220124", "externalId:220125", "externalId:220126", "externalId:220127", "externalId:220128", "externalId:220129", "externalId:220130", "externalId:220131", "externalId:220132", "externalId:220133", "externalId:220134", "externalId:220135", "externalId:220136", "externalId:220137", "externalId:220138" }
  },
  [13] = {
    abandoned = false,
    beacons = { {
        beaconId = "airfield13_1",
        runwayId = 1,
        runwayName = "09-27",
        runwaySide = "27"
      }, {
        beaconId = "airfield13_2",
        runwayId = 1,
        runwayName = "09-27",
        runwaySide = "09"
      }, {
        beaconId = "airfield13_3",
        runwayId = 1,
        runwayName = "09-27",
        runwaySide = "09"
      }, {
        beaconId = "airfield13_4",
        runwayId = 1,
        runwayName = "09-27",
        runwaySide = "09"
      }, {
        beaconId = "airfield13_5",
        runwayId = 1,
        runwayName = "09-27",
        runwaySide = "09"
      }, {
        beaconId = "airfield13_6"
      },
      [0] = {
        beaconId = "airfield13_0",
        runwayId = 1,
        runwayName = "09-27",
        runwaySide = "27"
      }
    },
    civilian = false,
    class = "2",
    code = "URKL",
    default_camera_position = {
      bearing = 296.982313,
      pnt = { 11046.841797, 130, 367780.84375 }
    },
    display_name = "Krasnodar-Center",
    fueldepots = { "externalId:230001", "externalId:230002", "externalId:230003", "externalId:230004", "externalId:230005", "externalId:230006", "externalId:230007", "externalId:230008", "externalId:230009", "externalId:230010", "externalId:230011", "externalId:230012", "externalId:230013", "externalId:230014", "externalId:230015", "externalId:230016" },
    id = "Krasnodar",
    names = {
      en = "Krasnodar-Center"
    },
    projectors = { "externalId:230121", "externalId:230122" },
    radio = { "airfield13_0" },
    reference_point = {
      x = 11685.205078,
      y = 367933.515625
    },
    roadnet = "./Mods/terrains/Caucasus/AirfieldsTaxiways/Krasnodar.rn4",
    runwayName = { "27",
      [0] = "09"
    },
    runways = {
      [0] = {
        end = "27",
        id = 1,
        name = "09-27",
        start = "09"
      }
    },
    shelters = { "externalId:230017", "externalId:230018", "externalId:230019", "externalId:230020", "externalId:230021", "externalId:230022", "externalId:230023", "externalId:230024", "externalId:230025", "externalId:230026", "externalId:230027", "externalId:230028", "externalId:230029", "externalId:230030", "externalId:230031", "externalId:230032", "externalId:230033", "externalId:230034", "externalId:230035", "externalId:230036", "externalId:230037", "externalId:230038", "externalId:230039", "externalId:230040", "externalId:230041", "externalId:230042", "externalId:230043", "externalId:230044", "externalId:230045", "externalId:230046", "externalId:230047", "externalId:230048", "externalId:230049" },
    towers = { "externalId:230000" },
    warehouses = { "externalId:230050", "externalId:230051", "externalId:230052", "externalId:230053", "externalId:230054", "externalId:230055", "externalId:230056", "externalId:230057", "externalId:230058", "externalId:230059", "externalId:230060", "externalId:230061", "externalId:230062", "externalId:230063", "externalId:230064", "externalId:230065", "externalId:230066", "externalId:230067", "externalId:230068", "externalId:230069", "externalId:230070", "externalId:230071", "externalId:230072", "externalId:230073", "externalId:230074", "externalId:230075", "externalId:230076", "externalId:230077", "externalId:230078", "externalId:230079", "externalId:230080", "externalId:230081", "externalId:230082", "externalId:230083", "externalId:230084", "externalId:230085", "externalId:230086", "externalId:230087", "externalId:230088", "externalId:230089", "externalId:230090", "externalId:230091", "externalId:230092", "externalId:230093", "externalId:230094", "externalId:230095", "externalId:230096", "externalId:230097", "externalId:230098", "externalId:230099", "externalId:230100", "externalId:230101", "externalId:230102", "externalId:230103", "externalId:230104", "externalId:230105", "externalId:230106", "externalId:230107", "externalId:230108", "externalId:230109", "externalId:230110", "externalId:230111", "externalId:230112", "externalId:230113", "externalId:230114", "externalId:230115", "externalId:230116", "externalId:230117", "externalId:230118", "externalId:230119", "externalId:230120" }
  },
  [14] = {
    abandoned = false,
    beacons = {},
    civilian = false,
    class = "2",
    code = "URKN",
    default_camera_position = {
      bearing = 152.865453,
      pnt = { -40432.242188, 140, 279253.59375 }
    },
    display_name = "Novorossiysk",
    fueldepots = { "externalId:240000", "externalId:240001", "externalId:240002", "externalId:240003", "externalId:240004", "externalId:240005", "externalId:240006", "externalId:240007", "externalId:240008", "externalId:240009", "externalId:240010", "externalId:240011", "externalId:240012", "externalId:240013", "externalId:240014", "externalId:240015" },
    id = "Novorossiysk",
    names = {
      en = "Novorossiysk"
    },
    projectors = { "externalId:240109", "externalId:240110" },
    radio = { "airfield14_0" },
    reference_point = {
      x = -40917.535156,
      y = 279256.0625
    },
    roadnet = "./Mods/terrains/Caucasus/AirfieldsTaxiways/Novorossiysk.rn4",
    runwayName = { "04",
      [0] = "22"
    },
    runways = {
      [0] = {
        end = "04",
        id = 1,
        name = "22-04",
        start = "22"
      }
    },
    shelters = { "externalId:240016", "externalId:240017", "externalId:240018", "externalId:240019", "externalId:240020", "externalId:240021", "externalId:240022", "externalId:240023", "externalId:240024", "externalId:240025", "externalId:240026", "externalId:240027", "externalId:240028", "externalId:240029", "externalId:240030", "externalId:240031", "externalId:240032", "externalId:240033", "externalId:240034", "externalId:240035", "externalId:240036", "externalId:240037" },
    towers = { "externalId:240038" },
    warehouses = { "externalId:240039", "externalId:240040", "externalId:240041", "externalId:240042", "externalId:240043", "externalId:240044", "externalId:240045", "externalId:240046", "externalId:240047", "externalId:240048", "externalId:240049", "externalId:240050", "externalId:240051", "externalId:240052", "externalId:240053", "externalId:240054", "externalId:240055", "externalId:240056", "externalId:240057", "externalId:240058", "externalId:240059", "externalId:240060", "externalId:240061", "externalId:240062", "externalId:240063", "externalId:240064", "externalId:240065", "externalId:240066", "externalId:240067", "externalId:240068", "externalId:240069", "externalId:240070", "externalId:240071", "externalId:240072", "externalId:240073", "externalId:240074", "externalId:240075", "externalId:240076", "externalId:240077", "externalId:240078", "externalId:240079", "externalId:240080", "externalId:240081", "externalId:240082", "externalId:240083", "externalId:240084", "externalId:240085", "externalId:240086", "externalId:240087", "externalId:240088", "externalId:240089", "externalId:240090", "externalId:240091", "externalId:240092", "externalId:240093", "externalId:240094", "externalId:240095", "externalId:240096", "externalId:240097", "externalId:240098", "externalId:240099", "externalId:240100", "externalId:240101", "externalId:240102", "externalId:240103", "externalId:240104", "externalId:240105", "externalId:240106", "externalId:240107", "externalId:240108" }
  },
  [15] = {
    abandoned = false,
    beacons = { {
        beaconId = "airfield15_1",
        runwayId = 1,
        runwayName = "04-22",
        runwaySide = "22"
      }, {
        beaconId = "airfield15_2",
        runwayId = 1,
        runwayName = "04-22",
        runwaySide = "04"
      }, {
        beaconId = "airfield15_3",
        runwayId = 1,
        runwayName = "04-22",
        runwaySide = "04"
      }, {
        beaconId = "airfield15_4",
        runwayId = 1,
        runwayName = "04-22",
        runwaySide = "04"
      }, {
        beaconId = "airfield15_5",
        runwayId = 1,
        runwayName = "04-22",
        runwaySide = "22"
      }, {
        beaconId = "airfield15_6",
        runwayId = 1,
        runwayName = "04-22",
        runwaySide = "22"
      }, {
        beaconId = "airfield15_7",
        runwayId = 1,
        runwayName = "04-22",
        runwaySide = "04"
      }, {
        beaconId = "airfield15_8"
      },
      [0] = {
        beaconId = "airfield15_0",
        runwayId = 1,
        runwayName = "04-22",
        runwaySide = "22"
      }
    },
    civilian = false,
    class = "1",
    code = "URKW",
    default_camera_position = {
      bearing = 342.153424,
      pnt = { -6715.005005, 120, 294749.529297 }
    },
    display_name = "Krymsk",
    fueldepots = { "externalId:250016", "externalId:250017", "externalId:250018", "externalId:250019", "externalId:250020", "externalId:250021", "externalId:250022", "externalId:250023", "externalId:250024", "externalId:250025", "externalId:250026", "externalId:250027", "externalId:250028", "externalId:250029", "externalId:250030", "externalId:250031" },
    id = "Krymsk",
    names = {
      en = "Krymsk"
    },
    projectors = { "externalId:250102", "externalId:250103" },
    radio = { "airfield15_0" },
    reference_point = {
      x = -6576.524658,
      y = 294388.125
    },
    roadnet = "./Mods/terrains/Caucasus/AirfieldsTaxiways/Krymsk.rn4",
    runwayName = { "22",
      [0] = "04"
    },
    runways = {
      [0] = {
        end = "22",
        id = 1,
        name = "04-22",
        start = "04"
      }
    },
    shelters = { "externalId:250000", "externalId:250001", "externalId:250002", "externalId:250003", "externalId:250004", "externalId:250005", "externalId:250006", "externalId:250007", "externalId:250008", "externalId:250009", "externalId:250010", "externalId:250011", "externalId:250012", "externalId:250013", "externalId:250014", "externalId:250032", "externalId:250033", "externalId:250034", "externalId:250035", "externalId:250036", "externalId:250037", "externalId:250038", "externalId:250039", "externalId:250040", "externalId:250041", "externalId:250042", "externalId:250043" },
    towers = { "externalId:250015" },
    warehouses = { "externalId:250044", "externalId:250045", "externalId:250046", "externalId:250047", "externalId:250048", "externalId:250049", "externalId:250050", "externalId:250051", "externalId:250052", "externalId:250053", "externalId:250054", "externalId:250055", "externalId:250056", "externalId:250057", "externalId:250058", "externalId:250059", "externalId:250060", "externalId:250061", "externalId:250062", "externalId:250063", "externalId:250064", "externalId:250065", "externalId:250066", "externalId:250067", "externalId:250068", "externalId:250069", "externalId:250070", "externalId:250071", "externalId:250072", "externalId:250073", "externalId:250074", "externalId:250075", "externalId:250076", "externalId:250077", "externalId:250078", "externalId:250079", "externalId:250080", "externalId:250081", "externalId:250082", "externalId:250083", "externalId:250084", "externalId:250085", "externalId:250086", "externalId:250087", "externalId:250088", "externalId:250089", "externalId:250090", "externalId:250091", "externalId:250092", "externalId:250093", "externalId:250094", "externalId:250095", "externalId:250096", "externalId:250097", "externalId:250098", "externalId:250099", "externalId:250100", "externalId:250101" }
  },
  [16] = {
    abandoned = false,
    beacons = { {
        beaconId = "airfield16_1",
        runwayId = 1,
        runwayName = "04-22",
        runwaySide = "22"
      }, {
        beaconId = "airfield16_2",
        runwayId = 1,
        runwayName = "04-22",
        runwaySide = "04"
      }, {
        beaconId = "airfield16_3",
        runwayId = 1,
        runwayName = "04-22",
        runwaySide = "04"
      }, {
        beaconId = "airfield16_4",
        runwayId = 1,
        runwayName = "04-22",
        runwaySide = "04"
      }, {
        beaconId = "airfield16_5",
        runwayId = 1,
        runwayName = "04-22",
        runwaySide = "04"
      }, {
        beaconId = "airfield16_6"
      },
      [0] = {
        beaconId = "airfield16_0",
        runwayId = 1,
        runwayName = "04-22",
        runwaySide = "22"
      }
    },
    civilian = false,
    class = "1",
    code = "URKH",
    default_camera_position = {
      bearing = 334.614192,
      pnt = { -26871.365234, 280, 458253.875 }
    },
    display_name = "Maykop-Khanskaya",
    fueldepots = { "externalId:260001", "externalId:260002", "externalId:260003", "externalId:260004", "externalId:260005", "externalId:260006", "externalId:260007", "externalId:260008", "externalId:260009", "externalId:260010", "externalId:260011", "externalId:260012", "externalId:260013", "externalId:260014", "externalId:260015", "externalId:260016", "externalId:260017" },
    id = "Maykop",
    names = {
      en = "Maykop-Khanskaya"
    },
    projectors = { "externalId:260077", "externalId:260078" },
    radio = { "airfield16_0" },
    reference_point = {
      x = -26437.275391,
      y = 458048.84375
    },
    roadnet = "./Mods/terrains/Caucasus/AirfieldsTaxiways/Maykop.rn4",
    runwayName = { "22",
      [0] = "04"
    },
    runways = {
      [0] = {
        end = "22",
        id = 1,
        name = "04-22",
        start = "04"
      }
    },
    towers = { "externalId:260018" },
    warehouses = { "externalId:260000", "externalId:260019", "externalId:260020", "externalId:260021", "externalId:260022", "externalId:260023", "externalId:260024", "externalId:260025", "externalId:260026", "externalId:260027", "externalId:260028", "externalId:260029", "externalId:260030", "externalId:260031", "externalId:260032", "externalId:260033", "externalId:260034", "externalId:260035", "externalId:260036", "externalId:260037", "externalId:260038", "externalId:260039", "externalId:260040", "externalId:260041", "externalId:260042", "externalId:260043", "externalId:260044", "externalId:260045", "externalId:260046", "externalId:260047", "externalId:260048", "externalId:260049", "externalId:260050", "externalId:260051", "externalId:260052", "externalId:260053", "externalId:260054", "externalId:260055", "externalId:260056", "externalId:260057", "externalId:260058", "externalId:260059", "externalId:260060", "externalId:260061", "externalId:260062", "externalId:260063", "externalId:260064", "externalId:260065", "externalId:260066", "externalId:260067", "externalId:260068", "externalId:260069", "externalId:260070", "externalId:260071", "externalId:260072", "externalId:260073", "externalId:260074", "externalId:260075", "externalId:260076" }
  },
  [17] = {
    abandoned = false,
    beacons = { {
        beaconId = "airfield17_1"
      },
      [0] = {
        beaconId = "airfield17_0"
      }
    },
    civilian = true,
    class = "2",
    code = "URKG",
    default_camera_position = {
      bearing = 155.890543,
      pnt = { -50287.039063, 125, 298195.5625 }
    },
    display_name = "Gelendzhik",
    fueldepots = { "externalId:270074", "externalId:270075", "externalId:270076", "externalId:270077", "externalId:270078", "externalId:270079", "externalId:270080", "externalId:270081", "externalId:270082", "externalId:270083", "externalId:270084", "externalId:270085", "externalId:270086", "externalId:270087", "externalId:270088", "externalId:270089" },
    id = "Gelendzhik",
    names = {
      en = "Gelendzhik"
    },
    projectors = { "externalId:270090", "externalId:270091" },
    radio = { "airfield17_0" },
    reference_point = {
      x = -50378.611328,
      y = 298406.15625
    },
    roadnet = "./Mods/terrains/Caucasus/AirfieldsTaxiways/Gelendzhik.rn4",
    runwayName = { "19",
      [0] = "01"
    },
    runways = {
      [0] = {
        end = "19",
        id = 1,
        name = "01-19",
        start = "01"
      }
    },
    towers = { "externalId:270073" },
    warehouses = { "externalId:270000", "externalId:270001", "externalId:270002", "externalId:270003", "externalId:270004", "externalId:270005", "externalId:270006", "externalId:270007", "externalId:270008", "externalId:270009", "externalId:270010", "externalId:270011", "externalId:270012", "externalId:270013", "externalId:270014", "externalId:270015", "externalId:270016", "externalId:270017", "externalId:270018", "externalId:270019", "externalId:270020", "externalId:270021", "externalId:270022", "externalId:270023", "externalId:270024", "externalId:270025", "externalId:270026", "externalId:270027", "externalId:270028", "externalId:270029", "externalId:270030", "externalId:270031", "externalId:270032", "externalId:270033", "externalId:270034", "externalId:270035", "externalId:270036", "externalId:270037", "externalId:270038", "externalId:270039", "externalId:270040", "externalId:270041", "externalId:270042", "externalId:270043", "externalId:270044", "externalId:270045", "externalId:270046", "externalId:270047", "externalId:270048", "externalId:270049", "externalId:270050", "externalId:270051", "externalId:270052", "externalId:270053", "externalId:270054", "externalId:270055", "externalId:270056", "externalId:270057", "externalId:270058", "externalId:270059", "externalId:270060", "externalId:270061", "externalId:270062", "externalId:270063", "externalId:270064", "externalId:270065", "externalId:270066", "externalId:270067", "externalId:270068", "externalId:270069", "externalId:270070", "externalId:270071", "externalId:270072" }
  },
  [18] = {
    abandoned = false,
    beacons = { {
        beaconId = "airfield18_1",
        runwayId = 1,
        runwayName = "06-24",
        runwaySide = "06"
      }, {
        beaconId = "airfield18_2",
        runwayId = 1,
        runwayName = "06-24",
        runwaySide = "06"
      },
      [0] = {
        beaconId = "airfield18_0",
        runwayId = 1,
        runwayName = "06-24",
        runwaySide = "06"
      }
    },
    civilian = true,
    class = "1",
    code = "URSS",
    default_camera_position = {
      bearing = 286.521471,
      pnt = { -164274.3125, 130, 461912.6875 }
    },
    display_name = "Sochi-Adler",
    fueldepots = { "externalId:280025", "externalId:280026", "externalId:280027", "externalId:280028", "externalId:280029", "externalId:280030", "externalId:280031", "externalId:280032", "externalId:280033", "externalId:280034", "externalId:280035", "externalId:280036", "externalId:280037", "externalId:280038", "externalId:280039", "externalId:280040", "externalId:280041" },
    id = "Sochi",
    names = {
      en = "Sochi-Adler"
    },
    projectors = { "externalId:280103", "externalId:280104" },
    radio = { "airfield18_0" },
    reference_point = {
      x = -164496.46875,
      y = 462218.921875
    },
    roadnet = "./Mods/terrains/Caucasus/AirfieldsTaxiways/Sochi.rn4",
    runwayName = { "24",
      [0] = "06"
    },
    runways = {
      [0] = {
        end = "24",
        id = 1,
        name = "06-24",
        start = "06"
      }
    },
    shelters = { "externalId:280000", "externalId:280001", "externalId:280002", "externalId:280003", "externalId:280004", "externalId:280005", "externalId:280006", "externalId:280007", "externalId:280008", "externalId:280009", "externalId:280010", "externalId:280011", "externalId:280012", "externalId:280013", "externalId:280014", "externalId:280015", "externalId:280016", "externalId:280017", "externalId:280018", "externalId:280019", "externalId:280020", "externalId:280021", "externalId:280022", "externalId:280023", "externalId:280042", "externalId:280043", "externalId:280044" },
    towers = { "externalId:280024" },
    warehouses = { "externalId:280045", "externalId:280046", "externalId:280047", "externalId:280048", "externalId:280049", "externalId:280050", "externalId:280051", "externalId:280052", "externalId:280053", "externalId:280054", "externalId:280055", "externalId:280056", "externalId:280057", "externalId:280058", "externalId:280059", "externalId:280060", "externalId:280061", "externalId:280062", "externalId:280063", "externalId:280064", "externalId:280065", "externalId:280066", "externalId:280067", "externalId:280068", "externalId:280069", "externalId:280070", "externalId:280071", "externalId:280072", "externalId:280073", "externalId:280074", "externalId:280075", "externalId:280076", "externalId:280077", "externalId:280078", "externalId:280079", "externalId:280080", "externalId:280081", "externalId:280082", "externalId:280083", "externalId:280084", "externalId:280085", "externalId:280086", "externalId:280087", "externalId:280088", "externalId:280089", "externalId:280090", "externalId:280091", "externalId:280092", "externalId:280093", "externalId:280094", "externalId:280095", "externalId:280096", "externalId:280097", "externalId:280098", "externalId:280099", "externalId:280100", "externalId:280101", "externalId:280102" }
  },
  [19] = {
    abandoned = false,
    beacons = { {
        beaconId = "airfield19_1",
        runwayId = 1,
        runwayName = "05-23",
        runwaySide = "05"
      }, {
        beaconId = "airfield19_2",
        runwayId = 1,
        runwayName = "05-23",
        runwaySide = "23"
      }, {
        beaconId = "airfield19_3",
        runwayId = 1,
        runwayName = "05-23",
        runwaySide = "23"
      }, {
        beaconId = "airfield19_4"
      },
      [0] = {
        beaconId = "airfield19_0",
        runwayId = 1,
        runwayName = "05-23",
        runwaySide = "05"
      }
    },
    civilian = true,
    class = "1",
    code = "URKK",
    default_camera_position = {
      bearing = 115.93843,
      pnt = { 7805.66748, 134, 389024.71875 }
    },
    display_name = "Krasnodar-Pashkovsky",
    fueldepots = { "externalId:290001", "externalId:290002", "externalId:290003", "externalId:290004", "externalId:290005", "externalId:290006", "externalId:290007", "externalId:290008", "externalId:290009", "externalId:290010", "externalId:290011", "externalId:290012", "externalId:290013", "externalId:290014", "externalId:290015", "externalId:290016", "externalId:290017" },
    id = "Krasnodar_P",
    names = {
      en = "Krasnodar-Pashkovsky"
    },
    projectors = { "externalId:290076", "externalId:290077" },
    radio = { "airfield19_0" },
    reference_point = {
      x = 7717.637452,
      y = 387878.803876
    },
    roadnet = "./Mods/terrains/Caucasus/AirfieldsTaxiways/Krasnodar_P.rn4",
    runwayName = { "05R",
      [0] = "23L"
    },
    runways = {
      [0] = {
        end = "05R",
        id = 1,
        name = "23L-05R",
        start = "23L"
      }
    },
    towers = { "externalId:290000" },
    warehouses = { "externalId:290018", "externalId:290019", "externalId:290020", "externalId:290021", "externalId:290022", "externalId:290023", "externalId:290024", "externalId:290025", "externalId:290026", "externalId:290027", "externalId:290028", "externalId:290029", "externalId:290030", "externalId:290031", "externalId:290032", "externalId:290033", "externalId:290034", "externalId:290035", "externalId:290036", "externalId:290037", "externalId:290038", "externalId:290039", "externalId:290040", "externalId:290041", "externalId:290042", "externalId:290043", "externalId:290044", "externalId:290045", "externalId:290046", "externalId:290047", "externalId:290048", "externalId:290049", "externalId:290050", "externalId:290051", "externalId:290052", "externalId:290053", "externalId:290054", "externalId:290055", "externalId:290056", "externalId:290057", "externalId:290058", "externalId:290059", "externalId:290060", "externalId:290061", "externalId:290062", "externalId:290063", "externalId:290064", "externalId:290065", "externalId:290066", "externalId:290067", "externalId:290068", "externalId:290069", "externalId:290070", "externalId:290071", "externalId:290072", "externalId:290073", "externalId:290074", "externalId:290075" }
  },
  [20] = {
    abandoned = false,
    beacons = { {
        beaconId = "airfield20_1",
        runwayId = 1,
        runwayName = "12-30",
        runwaySide = "30"
      },
      [0] = {
        beaconId = "airfield20_0",
        runwayId = 1,
        runwayName = "12-30",
        runwaySide = "30"
      }
    },
    civilian = true,
    class = "1",
    code = "UGSS",
    default_camera_position = {
      bearing = 63.172115,
      pnt = { -221973.076538, 707.003174, 567160.07666 }
    },
    display_name = "Sukhumi-Babushara",
    fueldepots = { "externalId:300002" },
    id = "Sukhumi",
    names = {
      en = "Sukhumi-Babushara"
    },
    projectors = { "externalId:300004", "externalId:300005" },
    radio = { "airfield20_0" },
    reference_point = {
      x = -220592.328125,
      y = 564391.96875
    },
    roadnet = "./Mods/terrains/Caucasus/AirfieldsTaxiways/Sukhumi.rn4",
    runwayName = { "12",
      [0] = "30"
    },
    runways = {
      [0] = {
        end = "12",
        id = 1,
        name = "30-12",
        start = "30"
      }
    },
    towers = { "externalId:300000", "externalId:300003" },
    warehouses = { "externalId:300001" }
  },
  [21] = {
    abandoned = false,
    beacons = {
      [0] = {
        beaconId = "airfield21_0",
        runwayId = 1,
        runwayName = "15-33",
        runwaySide = "33"
      }
    },
    civilian = false,
    class = "1",
    code = "UG23",
    default_camera_position = {
      bearing = 233.055909,
      pnt = { -196846.65625, 121, 515809.75 }
    },
    display_name = "Gudauta",
    fueldepots = { "externalId:310000", "externalId:310001", "externalId:310002", "externalId:310003", "externalId:310004", "externalId:310005", "externalId:310006", "externalId:310007", "externalId:310008", "externalId:310009", "externalId:310010", "externalId:310011", "externalId:310012", "externalId:310013", "externalId:310014", "externalId:310015", "externalId:310016" },
    id = "Gudauta",
    names = {
      en = "Gudauta"
    },
    projectors = { "externalId:310101", "externalId:310102" },
    radio = { "airfield21_0" },
    reference_point = {
      x = -196710.085938,
      y = 516451.6875
    },
    roadnet = "./Mods/terrains/Caucasus/AirfieldsTaxiways/Gudauta.rn4",
    runwayName = { "33",
      [0] = "15"
    },
    runways = {
      [0] = {
        end = "33",
        id = 1,
        name = "15-33",
        start = "15"
      }
    },
    shelters = { "externalId:310018", "externalId:310019", "externalId:310020", "externalId:310021", "externalId:310022", "externalId:310023", "externalId:310024", "externalId:310025", "externalId:310026", "externalId:310027", "externalId:310028", "externalId:310029", "externalId:310030", "externalId:310031", "externalId:310032", "externalId:310033", "externalId:310034", "externalId:310035", "externalId:310036", "externalId:310037", "externalId:310038" },
    towers = { "externalId:310017" },
    warehouses = { "externalId:310039", "externalId:310040", "externalId:310041", "externalId:310042", "externalId:310043", "externalId:310044", "externalId:310045", "externalId:310046", "externalId:310047", "externalId:310048", "externalId:310049", "externalId:310050", "externalId:310051", "externalId:310052", "externalId:310053", "externalId:310054", "externalId:310055", "externalId:310056", "externalId:310057", "externalId:310058", "externalId:310059", "externalId:310060", "externalId:310061", "externalId:310062", "externalId:310063", "externalId:310064", "externalId:310065", "externalId:310066", "externalId:310067", "externalId:310068", "externalId:310069", "externalId:310070", "externalId:310071", "externalId:310072", "externalId:310073", "externalId:310074", "externalId:310075", "externalId:310076", "externalId:310077", "externalId:310078", "externalId:310079", "externalId:310080", "externalId:310081", "externalId:310082", "externalId:310083", "externalId:310084", "externalId:310085", "externalId:310086", "externalId:310087", "externalId:310088", "externalId:310089", "externalId:310090", "externalId:310091", "externalId:310092", "externalId:310093", "externalId:310094", "externalId:310095", "externalId:310096", "externalId:310097", "externalId:310098", "externalId:310099", "externalId:310100" }
  },
  [22] = {
    abandoned = false,
    beacons = { {
        beaconId = "airfield22_1",
        runwayId = 1,
        runwayName = "13-31",
        runwaySide = "13"
      }, {
        beaconId = "airfield22_2"
      }, {
        beaconId = "airfield22_3"
      },
      [0] = {
        beaconId = "airfield22_0",
        runwayId = 1,
        runwayName = "13-31",
        runwaySide = "13"
      }
    },
    civilian = true,
    class = "2",
    code = "UGSB",
    default_camera_position = {
      bearing = 217.948567,
      pnt = { -355655.84375, 77.165054, 617717.4375 }
    },
    display_name = "Batumi",
    fueldepots = { "externalId:320002", "externalId:320003", "externalId:320004" },
    id = "Batumi",
    names = {
      en = "Batumi"
    },
    projectors = { "externalId:320000", "externalId:320001" },
    radio = { "airfield22_0" },
    reference_point = {
      x = -355810.6875,
      y = 617386.1875
    },
    roadnet = "./Mods/terrains/Caucasus/AirfieldsTaxiways/Batumi.rn4",
    runwayName = { "13",
      [0] = "31"
    },
    runways = {
      [0] = {
        end = "13",
        id = 1,
        name = "31-13",
        start = "31"
      }
    },
    towers = { "externalId:320007" },
    warehouses = { "externalId:320005", "externalId:320006" }
  },
  [23] = {
    abandoned = false,
    beacons = { {
        beaconId = "airfield23_1",
        runwayId = 1,
        runwayName = "09-27",
        runwaySide = "09"
      }, {
        beaconId = "airfield23_2",
        runwayId = 1,
        runwayName = "09-27",
        runwaySide = "09"
      }, {
        beaconId = "airfield23_3",
        runwayId = 1,
        runwayName = "09-27",
        runwaySide = "09"
      }, {
        beaconId = "airfield23_4"
      },
      [0] = {
        beaconId = "airfield23_0",
        runwayId = 1,
        runwayName = "09-27",
        runwaySide = "09"
      }
    },
    civilian = false,
    class = "2",
    code = "UGKS",
    default_camera_position = {
      bearing = 136.670063,
      pnt = { -280777.5672, 72.825691, 647247.025879 }
    },
    display_name = "Senaki-Kolkhi",
    fueldepots = { "externalId:330000", "externalId:330001", "externalId:330002", "externalId:330003", "externalId:330004", "externalId:330005", "externalId:330006", "externalId:330007", "externalId:330008", "externalId:330009", "externalId:330010", "externalId:330011", "externalId:330012", "externalId:330013", "externalId:330014", "externalId:330015", "externalId:330016", "externalId:330017" },
    id = "Senaki",
    names = {
      en = "Senaki-Kolkhi"
    },
    projectors = { "externalId:330071", "externalId:330072" },
    radio = { "airfield23_0" },
    reference_point = {
      x = -281782.46875,
      y = 647279.46875
    },
    roadnet = "./Mods/terrains/Caucasus/AirfieldsTaxiways/Senaki.rn4",
    runwayName = { "09",
      [0] = "27"
    },
    runways = {
      [0] = {
        end = "09",
        id = 1,
        name = "27-09",
        start = "27"
      }
    },
    shelters = { "externalId:330018", "externalId:330019", "externalId:330020", "externalId:330021", "externalId:330022", "externalId:330023", "externalId:330024", "externalId:330025", "externalId:330026", "externalId:330027", "externalId:330028", "externalId:330029", "externalId:330030", "externalId:330031", "externalId:330032", "externalId:330033", "externalId:330034", "externalId:330035", "externalId:330036", "externalId:330037", "externalId:330038", "externalId:330039", "externalId:330040", "externalId:330041", "externalId:330042", "externalId:330043", "externalId:330044", "externalId:330045", "externalId:330046", "externalId:330047", "externalId:330048", "externalId:330049", "externalId:330050", "externalId:330051", "externalId:330052", "externalId:330053", "externalId:330054", "externalId:330055", "externalId:330056", "externalId:330057", "externalId:330058", "externalId:330059", "externalId:330060", "externalId:330061", "externalId:330062", "externalId:330063", "externalId:330064", "externalId:330065", "externalId:330066", "externalId:330067", "externalId:330069", "externalId:330070" },
    towers = { "externalId:330068" },
    warehouses = { "externalId:330073", "externalId:330074", "externalId:330075", "externalId:330076", "externalId:330077", "externalId:330078", "externalId:330079", "externalId:330080", "externalId:330081", "externalId:330082", "externalId:330083", "externalId:330084", "externalId:330085", "externalId:330086", "externalId:330087", "externalId:330088", "externalId:330089", "externalId:330090", "externalId:330091", "externalId:330092", "externalId:330093", "externalId:330094", "externalId:330095", "externalId:330096", "externalId:330097", "externalId:330098", "externalId:330099", "externalId:330100", "externalId:330101", "externalId:330102", "externalId:330103", "externalId:330104", "externalId:330105", "externalId:330106", "externalId:330107", "externalId:330108", "externalId:330109", "externalId:330110", "externalId:330111", "externalId:330112", "externalId:330113", "externalId:330114", "externalId:330115", "externalId:330116", "externalId:330117", "externalId:330118", "externalId:330119", "externalId:330120", "externalId:330121", "externalId:330122", "externalId:330123", "externalId:330124", "externalId:330125", "externalId:330126", "externalId:330127", "externalId:330128", "externalId:330129", "externalId:330130" }
  },
  [24] = {
    abandoned = false,
    beacons = { {
        beaconId = "airfield24_1",
        runwayId = 1,
        runwayName = "07-25",
        runwaySide = "07"
      }, {
        beaconId = "airfield24_2",
        runwayId = 1,
        runwayName = "07-25",
        runwaySide = "07"
      }, {
        beaconId = "airfield24_3",
        runwayId = 1,
        runwayName = "07-25",
        runwaySide = "07"
      }, {
        beaconId = "airfield24_4"
      },
      [0] = {
        beaconId = "airfield24_0",
        runwayId = 1,
        runwayName = "07-25",
        runwaySide = "07"
      }
    },
    civilian = true,
    class = "2",
    code = "UG5X",
    default_camera_position = {
      bearing = 121.267947,
      pnt = { -317802.9375, 118, 635465.9375 }
    },
    display_name = "Kobuleti",
    fueldepots = { "externalId:340017", "externalId:340018", "externalId:340019", "externalId:340020", "externalId:340021", "externalId:340022", "externalId:340023", "externalId:340024", "externalId:340025", "externalId:340026", "externalId:340027", "externalId:340028" },
    id = "KOBULETI",
    names = {
      en = "Kobuleti"
    },
    projectors = { "externalId:340029", "externalId:340030" },
    radio = { "airfield24_0" },
    reference_point = {
      x = -317962.296875,
      y = 635632.96875
    },
    roadnet = "./Mods/terrains/Caucasus/AirfieldsTaxiways/KOBULETI.rn4",
    runwayName = { "07",
      [0] = "25"
    },
    runways = {
      [0] = {
        end = "07",
        id = 1,
        name = "25-07",
        start = "25"
      }
    },
    shelters = { "externalId:340000", "externalId:340001", "externalId:340002", "externalId:340003", "externalId:340004", "externalId:340005", "externalId:340006", "externalId:340007", "externalId:340008", "externalId:340009", "externalId:340010", "externalId:340011", "externalId:340012", "externalId:340013", "externalId:340014", "externalId:340015" },
    towers = { "externalId:340016" },
    warehouses = { "externalId:340031", "externalId:340032", "externalId:340033", "externalId:340034", "externalId:340035", "externalId:340036", "externalId:340037", "externalId:340038", "externalId:340039", "externalId:340040", "externalId:340041", "externalId:340042", "externalId:340043", "externalId:340044", "externalId:340045", "externalId:340046", "externalId:340047", "externalId:340048", "externalId:340049", "externalId:340050", "externalId:340051", "externalId:340052", "externalId:340053", "externalId:340054", "externalId:340055", "externalId:340056", "externalId:340057", "externalId:340058", "externalId:340059", "externalId:340060", "externalId:340061", "externalId:340062", "externalId:340063", "externalId:340064", "externalId:340065", "externalId:340066", "externalId:340067", "externalId:340068", "externalId:340069", "externalId:340070", "externalId:340071", "externalId:340072", "externalId:340073", "externalId:340074", "externalId:340075", "externalId:340076", "externalId:340077", "externalId:340078", "externalId:340079", "externalId:340080", "externalId:340081", "externalId:340082", "externalId:340083", "externalId:340084", "externalId:340085", "externalId:340086", "externalId:340087", "externalId:340088" }
  },
  [25] = {
    abandoned = false,
    beacons = { {
        beaconId = "airfield25_1",
        runwayId = 1,
        runwayName = "08-26",
        runwaySide = "08"
      }, {
        beaconId = "airfield25_2"
      }, {
        beaconId = "airfield25_3"
      }, {
        beaconId = "airfield25_4"
      },
      [0] = {
        beaconId = "airfield25_0",
        runwayId = 1,
        runwayName = "08-26",
        runwaySide = "08"
      }
    },
    civilian = true,
    class = "1",
    code = "UGKO",
    default_camera_position = {
      bearing = 120.466457,
      pnt = { -284569.75, 145, 683788.25 }
    },
    display_name = "Kutaisi",
    fueldepots = { "externalId:350000", "externalId:350001", "externalId:350002", "externalId:350003", "externalId:350004", "externalId:350005", "externalId:350006", "externalId:350007", "externalId:350008", "externalId:350009", "externalId:350010", "externalId:350011", "externalId:350012", "externalId:350013", "externalId:350014", "externalId:350015", "externalId:350016", "externalId:350017" },
    id = "KUTAISI",
    names = {
      en = "Kutaisi"
    },
    projectors = { "externalId:350110", "externalId:350111" },
    radio = { "airfield25_0" },
    reference_point = {
      x = -284887.375,
      y = 683858.8125
    },
    roadnet = "./Mods/terrains/Caucasus/AirfieldsTaxiways/KUTAISI.rn4",
    runwayName = { "08",
      [0] = "26"
    },
    runways = {
      [0] = {
        end = "08",
        id = 1,
        name = "26-08",
        start = "26"
      }
    },
    shelters = { "externalId:350077", "externalId:350078", "externalId:350079", "externalId:350080", "externalId:350081", "externalId:350082", "externalId:350083", "externalId:350084", "externalId:350085", "externalId:350086", "externalId:350087", "externalId:350088", "externalId:350089", "externalId:350090", "externalId:350091", "externalId:350092", "externalId:350093", "externalId:350094", "externalId:350095", "externalId:350096", "externalId:350097", "externalId:350098", "externalId:350099", "externalId:350100", "externalId:350101", "externalId:350102", "externalId:350103", "externalId:350104", "externalId:350105", "externalId:350106", "externalId:350107", "externalId:350108", "externalId:350109" },
    towers = { "externalId:350076" },
    warehouses = { "externalId:350018", "externalId:350019", "externalId:350020", "externalId:350021", "externalId:350022", "externalId:350023", "externalId:350024", "externalId:350025", "externalId:350026", "externalId:350027", "externalId:350028", "externalId:350029", "externalId:350030", "externalId:350031", "externalId:350032", "externalId:350033", "externalId:350034", "externalId:350035", "externalId:350036", "externalId:350037", "externalId:350038", "externalId:350039", "externalId:350040", "externalId:350041", "externalId:350042", "externalId:350043", "externalId:350044", "externalId:350045", "externalId:350046", "externalId:350047", "externalId:350048", "externalId:350049", "externalId:350050", "externalId:350051", "externalId:350052", "externalId:350053", "externalId:350054", "externalId:350055", "externalId:350056", "externalId:350057", "externalId:350058", "externalId:350059", "externalId:350060", "externalId:350061", "externalId:350062", "externalId:350063", "externalId:350064", "externalId:350065", "externalId:350066", "externalId:350067", "externalId:350068", "externalId:350069", "externalId:350070", "externalId:350071", "externalId:350072", "externalId:350073", "externalId:350074", "externalId:350075" }
  },
  [26] = {
    abandoned = false,
    beacons = { {
        beaconId = "airfield26_1",
        runwayId = 1,
        runwayName = "12-30",
        runwaySide = "30"
      }, {
        beaconId = "airfield26_2",
        runwayId = 1,
        runwayName = "12-30",
        runwaySide = "30"
      }, {
        beaconId = "airfield26_3",
        runwayId = 1,
        runwayName = "12-30",
        runwaySide = "30"
      }, {
        beaconId = "airfield26_4",
        runwayId = 1,
        runwayName = "12-30",
        runwaySide = "12"
      }, {
        beaconId = "airfield26_5",
        runwayId = 1,
        runwayName = "12-30",
        runwaySide = "12"
      }, {
        beaconId = "airfield26_6",
        runwayId = 1,
        runwayName = "12-30",
        runwaySide = "12"
      }, {
        beaconId = "airfield26_7",
        runwayId = 1,
        runwayName = "12-30",
        runwaySide = "12"
      }, {
        beaconId = "airfield26_8"
      },
      [0] = {
        beaconId = "airfield26_0",
        runwayId = 1,
        runwayName = "12-30",
        runwaySide = "30"
      }
    },
    civilian = true,
    class = "1",
    code = "URMM",
    default_camera_position = {
      bearing = 285.314899,
      pnt = { -52318.605469, 420, 706581.125 }
    },
    display_name = "Mineralnye Vody",
    fueldepots = { "externalId:360000", "externalId:360001", "externalId:360002", "externalId:360003", "externalId:360004", "externalId:360005", "externalId:360006", "externalId:360007", "externalId:360008", "externalId:360009" },
    id = "MinVody",
    names = {
      en = "Mineralnye Vody"
    },
    projectors = { "externalId:360011", "externalId:360012" },
    radio = { "airfield26_0" },
    reference_point = {
      x = -51259.983985,
      y = 705734.026899
    },
    roadnet = "./Mods/terrains/Caucasus/AirfieldsTaxiways/MinVody.rn4",
    runwayName = { "12",
      [0] = "30"
    },
    runways = {
      [0] = {
        end = "12",
        id = 1,
        name = "30-12",
        start = "30"
      }
    },
    towers = { "externalId:360010" },
    warehouses = { "externalId:360013", "externalId:360014", "externalId:360015", "externalId:360016", "externalId:360017", "externalId:360018", "externalId:360019", "externalId:360020", "externalId:360021", "externalId:360022", "externalId:360023", "externalId:360024", "externalId:360025", "externalId:360026", "externalId:360027", "externalId:360028", "externalId:360029", "externalId:360030", "externalId:360031", "externalId:360032", "externalId:360033", "externalId:360034", "externalId:360035", "externalId:360036", "externalId:360037", "externalId:360038", "externalId:360039", "externalId:360040", "externalId:360041", "externalId:360042", "externalId:360043", "externalId:360044", "externalId:360045", "externalId:360046", "externalId:360047", "externalId:360048", "externalId:360049", "externalId:360050", "externalId:360051", "externalId:360052", "externalId:360053", "externalId:360054", "externalId:360055", "externalId:360056", "externalId:360057", "externalId:360058", "externalId:360059", "externalId:360060", "externalId:360061", "externalId:360062", "externalId:360063", "externalId:360064", "externalId:360065", "externalId:360066", "externalId:360067", "externalId:360068", "externalId:360069", "externalId:360070" }
  },
  [27] = {
    abandoned = false,
    beacons = { {
        beaconId = "airfield27_1",
        runwayId = 1,
        runwayName = "06-24",
        runwaySide = "24"
      }, {
        beaconId = "airfield27_2",
        runwayId = 1,
        runwayName = "06-24",
        runwaySide = "24"
      }, {
        beaconId = "airfield27_3",
        runwayId = 1,
        runwayName = "06-24",
        runwaySide = "24"
      },
      [0] = {
        beaconId = "airfield27_0",
        runwayId = 1,
        runwayName = "06-24",
        runwaySide = "24"
      }
    },
    civilian = true,
    class = "2",
    code = "URMN",
    default_camera_position = {
      bearing = 306.555176,
      pnt = { -125303.486816, 470.921204, 759974.361328 }
    },
    display_name = "Nalchik",
    fueldepots = { "externalId:370059", "externalId:370060", "externalId:370061", "externalId:370062", "externalId:370063", "externalId:370064", "externalId:370065", "externalId:370066", "externalId:370067", "externalId:370068", "externalId:370069", "externalId:370070", "externalId:370071", "externalId:370072", "externalId:370073", "externalId:370074", "externalId:370075", "externalId:370076" },
    id = "Nalchick",
    names = {
      en = "Nalchik"
    },
    projectors = { "externalId:370077", "externalId:370078" },
    radio = { "airfield27_0" },
    reference_point = {
      x = -124912.453125,
      y = 760449.59375
    },
    roadnet = "./Mods/terrains/Caucasus/AirfieldsTaxiways/Nalchick.rn4",
    runwayName = { "24",
      [0] = "06"
    },
    runways = {
      [0] = {
        end = "24",
        id = 1,
        name = "06-24",
        start = "06"
      }
    },
    towers = { "externalId:370000" },
    warehouses = { "externalId:370001", "externalId:370002", "externalId:370003", "externalId:370004", "externalId:370005", "externalId:370006", "externalId:370007", "externalId:370008", "externalId:370009", "externalId:370010", "externalId:370011", "externalId:370012", "externalId:370013", "externalId:370014", "externalId:370015", "externalId:370016", "externalId:370017", "externalId:370018", "externalId:370019", "externalId:370020", "externalId:370021", "externalId:370022", "externalId:370023", "externalId:370024", "externalId:370025", "externalId:370026", "externalId:370027", "externalId:370028", "externalId:370029", "externalId:370030", "externalId:370031", "externalId:370032", "externalId:370033", "externalId:370034", "externalId:370035", "externalId:370036", "externalId:370037", "externalId:370038", "externalId:370039", "externalId:370040", "externalId:370041", "externalId:370042", "externalId:370043", "externalId:370044", "externalId:370045", "externalId:370046", "externalId:370047", "externalId:370048", "externalId:370049", "externalId:370050", "externalId:370051", "externalId:370052", "externalId:370053", "externalId:370054", "externalId:370055", "externalId:370056", "externalId:370057", "externalId:370058" }
  },
  [28] = {
    abandoned = false,
    beacons = { {
        beaconId = "airfield28_1",
        runwayId = 1,
        runwayName = "08-26",
        runwaySide = "08"
      }, {
        beaconId = "airfield28_2",
        runwayId = 1,
        runwayName = "08-26",
        runwaySide = "26"
      }, {
        beaconId = "airfield28_3",
        runwayId = 1,
        runwayName = "08-26",
        runwaySide = "26"
      }, {
        beaconId = "airfield28_4",
        runwayId = 1,
        runwayName = "08-26",
        runwaySide = "08"
      }, {
        beaconId = "airfield28_5",
        runwayId = 1,
        runwayName = "08-26",
        runwaySide = "08"
      }, {
        beaconId = "airfield28_6",
        runwayId = 1,
        runwayName = "08-26",
        runwaySide = "26"
      }, {
        beaconId = "airfield28_7",
        runwayId = 1,
        runwayName = "08-26",
        runwaySide = "26"
      }, {
        beaconId = "airfield28_8"
      },
      [0] = {
        beaconId = "airfield28_0",
        runwayId = 1,
        runwayName = "08-26",
        runwaySide = "08"
      }
    },
    civilian = false,
    class = "1",
    code = "XRMF",
    default_camera_position = {
      bearing = 306.555176,
      pnt = { -84166.185059, 162.69075, 834518.361816 }
    },
    display_name = "Mozdok",
    fueldepots = { "externalId:380003", "externalId:380004", "externalId:380005", "externalId:380006", "externalId:380007", "externalId:380008", "externalId:380009", "externalId:380010", "externalId:380011", "externalId:380012", "externalId:380013", "externalId:380014", "externalId:380016", "externalId:380017", "externalId:380018", "externalId:380019", "externalId:380020", "externalId:380021", "externalId:380022" },
    id = "Mozdok",
    names = {
      en = "Mozdok"
    },
    radio = { "airfield28_0" },
    reference_point = {
      x = -83450.417969,
      y = 834461.78125
    },
    roadnet = "./Mods/terrains/Caucasus/AirfieldsTaxiways/Mozdok.rn4",
    runwayName = { "08",
      [0] = "26"
    },
    runways = {
      [0] = {
        end = "08",
        id = 1,
        name = "26-08",
        start = "26"
      }
    },
    towers = { "externalId:380015" },
    warehouses = { "externalId:380000", "externalId:380001", "externalId:380002" }
  },
  [29] = {
    abandoned = false,
    beacons = { {
        beaconId = "airfield29_1",
        runwayId = 1,
        runwayName = "13-31",
        runwaySide = "13"
      }, {
        beaconId = "airfield29_2",
        runwayId = 1,
        runwayName = "13-31",
        runwaySide = "13"
      }, {
        beaconId = "airfield29_3",
        runwayId = 1,
        runwayName = "13-31",
        runwaySide = "13"
      }, {
        beaconId = "airfield29_4",
        runwayId = 1,
        runwayName = "13-31",
        runwaySide = "31"
      }, {
        beaconId = "airfield29_5",
        runwayId = 1,
        runwayName = "13-31",
        runwaySide = "31"
      }, {
        beaconId = "airfield29_6",
        runwayId = 1,
        runwayName = "13-31",
        runwaySide = "31"
      }, {
        beaconId = "airfield29_7",
        runwayId = 1,
        runwayName = "13-31",
        runwaySide = "31"
      }, {
        beaconId = "airfield29_8"
      }, {
        beaconId = "airfield29_9"
      },
      [0] = {
        beaconId = "airfield29_0",
        runwayId = 1,
        runwayName = "13-31",
        runwaySide = "13"
      }
    },
    civilian = true,
    class = "1",
    code = "UGTB",
    default_camera_position = {
      bearing = 71.911632,
      pnt = { -315226.860352, 586.962158, 897460.30957 }
    },
    display_name = "Tbilisi-Lochini",
    fueldepots = { "externalId:390001", "externalId:390002", "externalId:390003", "externalId:390004", "externalId:390005", "externalId:390006", "externalId:390007", "externalId:390010" },
    id = "Lochini",
    names = {
      en = "Tbilisi-Lochini"
    },
    projectors = { "externalId:390011", "externalId:390012" },
    radio = { "airfield29_0" },
    reference_point = {
      x = -315671.09375,
      y = 896629.90625
    },
    roadnet = "./Mods/terrains/Caucasus/AirfieldsTaxiways/Lochini.rn4",
    runwayName = { "31L",
      [0] = "13R"
    },
    runways = {
      [0] = {
        end = "31L",
        id = 1,
        name = "13R-31L",
        start = "13R"
      }
    },
    towers = { "externalId:390009" },
    warehouses = { "externalId:390000", "externalId:390008" }
  },
  [30] = {
    abandoned = false,
    beacons = {},
    civilian = true,
    class = "2",
    code = "UG24",
    default_camera_position = {
      bearing = 248.654056,
      pnt = { -318023.126465, 530, 894732.36377 }
    },
    display_name = "Soganlug",
    fueldepots = { "externalId:400001", "externalId:400002", "externalId:400003", "externalId:400004", "externalId:400005" },
    id = "TbilisiMilitary",
    names = {
      en = "Soganlug"
    },
    projectors = { "externalId:400006", "externalId:400007" },
    radio = { "airfield30_0" },
    reference_point = {
      x = -317828.046875,
      y = 895407.1875
    },
    roadnet = "./Mods/terrains/Caucasus/AirfieldsTaxiways/TbilisiMilitary.rn4",
    runwayName = { "32",
      [0] = "14"
    },
    runways = {
      [0] = {
        end = "32",
        id = 1,
        name = "14-32",
        start = "14"
      }
    },
    towers = { "externalId:400000" },
    warehouses = { "externalId:400008", "externalId:400009", "externalId:400010", "externalId:400011", "externalId:400012", "externalId:400013", "externalId:400014", "externalId:400015", "externalId:400016", "externalId:400017", "externalId:400018", "externalId:400019", "externalId:400020", "externalId:400021", "externalId:400022", "externalId:400023", "externalId:400024", "externalId:400025", "externalId:400026", "externalId:400027", "externalId:400028", "externalId:400029", "externalId:400030", "externalId:400031", "externalId:400032", "externalId:400033", "externalId:400034", "externalId:400035", "externalId:400036", "externalId:400037", "externalId:400038", "externalId:400039", "externalId:400040", "externalId:400041", "externalId:400042", "externalId:400043", "externalId:400044", "externalId:400045", "externalId:400046", "externalId:400047", "externalId:400048", "externalId:400049", "externalId:400050", "externalId:400051", "externalId:400052", "externalId:400053", "externalId:400054", "externalId:400055", "externalId:400056", "externalId:400057", "externalId:400058", "externalId:400059", "externalId:400060", "externalId:400061", "externalId:400062", "externalId:400063", "externalId:400064", "externalId:400065" }
  },
  [31] = {
    abandoned = false,
    beacons = { {
        beaconId = "airfield31_1",
        runwayId = 0,
        runwayName = "13-31",
        runwaySide = "13"
      }, {
        beaconId = "airfield31_2",
        runwayId = 1,
        runwayName = "31-13",
        runwaySide = "31"
      }, {
        beaconId = "airfield31_3",
        runwayId = 1,
        runwayName = "31-13",
        runwaySide = "31"
      }, {
        beaconId = "airfield31_4"
      },
      [0] = {
        beaconId = "airfield31_0",
        runwayId = 0,
        runwayName = "13-31",
        runwaySide = "13"
      }
    },
    civilian = false,
    class = "2",
    code = "UG27",
    default_camera_position = {
      bearing = 207.332275,
      pnt = { -317693.375, 631.42804, 902557.0625 }
    },
    display_name = "Vaziani",
    fueldepots = { "externalId:410060", "externalId:410061", "externalId:410062", "externalId:410063", "externalId:410064", "externalId:410065", "externalId:410066", "externalId:410067", "externalId:410068", "externalId:410069", "externalId:410070", "externalId:410071", "externalId:410072", "externalId:410073", "externalId:410074", "externalId:410075" },
    id = "Vaziani",
    names = {
      en = "Vaziani"
    },
    projectors = { "externalId:410058", "externalId:410059" },
    radio = { "airfield31_0" },
    reference_point = {
      x = -319064.875,
      y = 903148.53125
    },
    roadnet = "./Mods/terrains/Caucasus/AirfieldsTaxiways/Vaziani.rn4",
    runwayName = { "31L",
      [0] = "13R"
    },
    runways = {
      [0] = {
        end = "31L",
        id = 1,
        name = "13R-31L",
        start = "13R"
      }
    },
    shelters = { "externalId:410001", "externalId:410002", "externalId:410003", "externalId:410004", "externalId:410005", "externalId:410006", "externalId:410007", "externalId:410008", "externalId:410009", "externalId:410010", "externalId:410011", "externalId:410012", "externalId:410013", "externalId:410014", "externalId:410015", "externalId:410016", "externalId:410017", "externalId:410018", "externalId:410019", "externalId:410020", "externalId:410021", "externalId:410022", "externalId:410023", "externalId:410024", "externalId:410025", "externalId:410026", "externalId:410027", "externalId:410028", "externalId:410029", "externalId:410030", "externalId:410031", "externalId:410032", "externalId:410033", "externalId:410034", "externalId:410035", "externalId:410036", "externalId:410037", "externalId:410038", "externalId:410039", "externalId:410040", "externalId:410041", "externalId:410042", "externalId:410043", "externalId:410044", "externalId:410045", "externalId:410046", "externalId:410047", "externalId:410048", "externalId:410049", "externalId:410050", "externalId:410051", "externalId:410052", "externalId:410053", "externalId:410054", "externalId:410055", "externalId:410056", "externalId:410057" },
    towers = { "externalId:410000" },
    warehouses = { "externalId:410076", "externalId:410077", "externalId:410078", "externalId:410079", "externalId:410080", "externalId:410081", "externalId:410082", "externalId:410083", "externalId:410084", "externalId:410085", "externalId:410086", "externalId:410087", "externalId:410088", "externalId:410089", "externalId:410090", "externalId:410091", "externalId:410092", "externalId:410093", "externalId:410094", "externalId:410095", "externalId:410096", "externalId:410097", "externalId:410098", "externalId:410099", "externalId:410100", "externalId:410101", "externalId:410102", "externalId:410103", "externalId:410104", "externalId:410105", "externalId:410106", "externalId:410107", "externalId:410108", "externalId:410109", "externalId:410110", "externalId:410111", "externalId:410112", "externalId:410113", "externalId:410114", "externalId:410115", "externalId:410116", "externalId:410117", "externalId:410118", "externalId:410119", "externalId:410120", "externalId:410121", "externalId:410122", "externalId:410123", "externalId:410124", "externalId:410125", "externalId:410126", "externalId:410127", "externalId:410128", "externalId:410129", "externalId:410130", "externalId:410131", "externalId:410132", "externalId:410133" }
  },
  [32] = {
    abandoned = false,
    beacons = { {
        beaconId = "airfield32_1",
        runwayId = 1,
        runwayName = "10-28",
        runwaySide = "10"
      }, {
        beaconId = "airfield32_2",
        runwayId = 1,
        runwayName = "10-28",
        runwaySide = "10"
      }, {
        beaconId = "airfield32_3",
        runwayId = 1,
        runwayName = "10-28",
        runwaySide = "10"
      },
      [0] = {
        beaconId = "airfield32_0",
        runwayId = 1,
        runwayName = "10-28",
        runwaySide = "10"
      }
    },
    civilian = true,
    class = "1",
    code = "URMO",
    default_camera_position = {
      bearing = 217.948566,
      pnt = { -148294.46875, 588.516602, 843231.9375 }
    },
    display_name = "Beslan",
    fueldepots = { "externalId:420007", "externalId:420008", "externalId:420009", "externalId:420010", "externalId:420011", "externalId:420012", "externalId:420013", "externalId:420014", "externalId:420015", "externalId:420016", "externalId:420017", "externalId:420018", "externalId:420019", "externalId:420020", "externalId:420021", "externalId:420022" },
    id = "Beslan",
    names = {
      en = "Beslan"
    },
    projectors = { "externalId:420000", "externalId:420001" },
    radio = { "airfield32_0" },
    reference_point = {
      x = -148590.171875,
      y = 843668.625
    },
    roadnet = "./Mods/terrains/Caucasus/AirfieldsTaxiways/Beslan.rn4",
    runwayName = { "28",
      [0] = "10"
    },
    runways = {
      [0] = {
        end = "28",
        id = 1,
        name = "10-28",
        start = "10"
      }
    },
    towers = { "externalId:420002" },
    warehouses = { "externalId:420003", "externalId:420004", "externalId:420005", "externalId:420006" }
  }
}